proguard-project.txt
# This is a configuration file for ProGuard.
# http://proguard.sourceforge.net/index.html#manual/usage.html
-optimizationpasses 5
-dontusemixedcaseclassnames
-dontskipnonpubliclibraryclasses
-verbose

# Optimization is turned off by default. Dex does not like code run
# through the ProGuard optimize and preverify steps (and performs some
# of these optimizations on its own).
-dontoptimize
-dontpreverify
# Note that if you want to enable optimization, you cannot just
# include optimization flags in your own project configuration file;
# instead you will need to point to the
# "proguard-android-optimize.txt" file instead of this one from your
# project.properties file.

-keepattributes *Annotation*
-keepattributes Signature
-keep public class com.google.vending.licensing.ILicensingService
-keep public class com.android.vending.licensing.ILicensingService

# For native methods, see http://proguard.sourceforge.net/manual/examples.html#native
-keepclasseswithmembernames class * {
    native <methods>;
}

# keep setters in Views so that animations can still work.
# see http://proguard.sourceforge.net/manual/examples.html#beans
-keepclassmembers public class * extends android.view.View {
   void set*(***);
   *** get*();
}

# We want to keep methods in Activity that could be used in the XML attribute onClick
-keepclassmembers class * extends android.app.Activity {
   public void *(android.view.View);
}

# For enumeration classes, see http://proguard.sourceforge.net/manual/examples.html#enumerations
-keepclassmembers enum * {
    public static **[] values();
    public static ** valueOf(java.lang.String);
}

-keep class * implements android.os.Parcelable {
  public static final android.os.Parcelable$Creator *;
}

-keepclassmembers class **.R$* {
    public static <fields>;
}

# The support library contains references to newer platform versions.
# Don't warn about those in case this app is linking against an older
# platform version.  We know about them, and they are safe.

-libraryjars libs/android-support-v4.jar
-dontwarn android.support.v4.** 
-keep class android.support.v4.** { *; } 
-keep interface android.support.v4.app.** { *; } 
-keep public class * extends android.support.v4.** 
-keep public class * extends android.app.Fragment

-libraryjars libs/AMap_Location_v1.4.1_20150917.jar

-dontwarn android.support.v13.**
#如果有其它包有warning，在报出warning的包加入下面类似的-dontwarn 报名
-dontwarn com.amap.api.**
-dontwarn com.aps.**
-keep   class com.amap.api.location.**{*;} 
-keep   class com.aps.**{*;} 

-libraryjars libs/alipaysdk.jar
-dontwarn com.alipay.**
-keep  class com.alipay.**{*;}

-libraryjars libs/alipaysecsdk.jar
-dontwarn com.alipay.mobilesecuritysdk.**
-keep class com.alipay.mobilesecuritysdk.**{*;}

-libraryjars libs/alipayutdid.jar
-dontwarn com.ta.utdid2.android.utils.**
-keep class com.ta.utdid2.android.utils.**{*;}
-dontwarn com.ut.device.**
-keep class com.ut.device.**{*;}

-libraryjars libs/gson-2.3.1.jar
-dontwarn com.google.gson.**
-keep class com.google.gson.**{*;}

-libraryjars libs/httpcore-4.3.2.jar
-dontwarn org.apache.http.**
-keep class org.apache.http.**{*;}

-libraryjars libs/httpmime-4.3.5.jar
-dontwarn org.apache.http.entity.mime.**
-keep class org.apache.http.entity.mime.**{*;}

-libraryjars libs/libammsdk.jar
-dontwarn libammsdk.com.tencent.**
-keep class libammsdk.com.tencent.**{*;}

-libraryjars libs/pinyin4j-2.5.0.jar
-dontwarn com.hp.hpl.sparta.**
-dontwarn demo.**
-keep class com.hp.hpl.sparta.**{*;}
-keep class demo.**{*;}

-libraryjars libs/universal-image-loader-1.9.2.jar
-dontwarn com.nostra13.universalimageloader.core.**
-keep class com.nostra13.universalimageloader.core.**{*;}

-libraryjars libs/volley.jar
-dontwarn com.android.volley.**
-keep class com.android.volley.**{*;}


-keep public class * extends android.app.Activity
-keep public class * extends android.app.Application
-keep public class * extends android.app.Service
-keep public class * extends android.content.BroadcastReceiver
-keep public class * extends android.content.ContentProvider
-keep public class * extends android.app.backup.BackupAgentHelper
-keep public class * extends android.preference.Preference
-keep public class com.android.vending.licensing.ILicensingService

-keep class com.example.secondapp.model.**{*;}
-keep class com.example.secondapp.bean.**{*;}
-keep class com.example.secondapp.data.**{*;}
-keep class com.alipay.sdk.pay.**{*;}