proguard/seeds.txt
com.example.secondapp.MainActivity
com.example.secondapp.MainActivity: MainActivity()
com.example.secondapp.PushTestReceiver
com.example.secondapp.PushTestReceiver: PushTestReceiver()
com.example.secondapp.R$anim: int fade_in
com.example.secondapp.R$anim: int fade_out
com.example.secondapp.R$anim: int in
com.example.secondapp.R$anim: int out
com.example.secondapp.R$anim: int slide_in_from_bottom
com.example.secondapp.R$anim: int slide_in_from_top
com.example.secondapp.R$anim: int slide_out_to_bottom
com.example.secondapp.R$anim: int slide_out_to_top
com.example.secondapp.R$array: int date
com.example.secondapp.R$attr: int border_color
com.example.secondapp.R$attr: int border_width
com.example.secondapp.R$attr: int emojiconSize
com.example.secondapp.R$attr: int emojiconTextLength
com.example.secondapp.R$attr: int emojiconTextStart
com.example.secondapp.R$attr: int ptrAdapterViewBackground
com.example.secondapp.R$attr: int ptrAnimationStyle
com.example.secondapp.R$attr: int ptrDrawable
com.example.secondapp.R$attr: int ptrDrawableBottom
com.example.secondapp.R$attr: int ptrDrawableEnd
com.example.secondapp.R$attr: int ptrDrawableStart
com.example.secondapp.R$attr: int ptrDrawableTop
com.example.secondapp.R$attr: int ptrHeaderBackground
com.example.secondapp.R$attr: int ptrHeaderSubTextColor
com.example.secondapp.R$attr: int ptrHeaderTextAppearance
com.example.secondapp.R$attr: int ptrHeaderTextColor
com.example.secondapp.R$attr: int ptrListViewExtrasEnabled
com.example.secondapp.R$attr: int ptrMode
com.example.secondapp.R$attr: int ptrOverScroll
com.example.secondapp.R$attr: int ptrRefreshableViewBackground
com.example.secondapp.R$attr: int ptrRotateDrawableWhilePulling
com.example.secondapp.R$attr: int ptrScrollingWhileRefreshingEnabled
com.example.secondapp.R$attr: int ptrShowIndicator
com.example.secondapp.R$attr: int ptrSubHeaderTextAppearance
com.example.secondapp.R$color: int F7
com.example.secondapp.R$color: int abg
com.example.secondapp.R$color: int albumback
com.example.secondapp.R$color: int aliceblue
com.example.secondapp.R$color: int antiquewhite
com.example.secondapp.R$color: int aqua
com.example.secondapp.R$color: int aquamarine
com.example.secondapp.R$color: int azure
com.example.secondapp.R$color: int balck_text_subtitle
com.example.secondapp.R$color: int beige
com.example.secondapp.R$color: int bisque
com.example.secondapp.R$color: int black
com.example.secondapp.R$color: int black_text_disable
com.example.secondapp.R$color: int black_text_normal
com.example.secondapp.R$color: int black_text_pressed
com.example.secondapp.R$color: int blanchedalmond
com.example.secondapp.R$color: int blue
com.example.secondapp.R$color: int blue_normal
com.example.secondapp.R$color: int blue_pressed
com.example.secondapp.R$color: int bluestandard
com.example.secondapp.R$color: int blueviolet
com.example.secondapp.R$color: int border_color
com.example.secondapp.R$color: int brown
com.example.secondapp.R$color: int burlywood
com.example.secondapp.R$color: int cadetblue
com.example.secondapp.R$color: int chartreuse
com.example.secondapp.R$color: int chocolate
com.example.secondapp.R$color: int cleanrecord_selector
com.example.secondapp.R$color: int comblue
com.example.secondapp.R$color: int common_black_word
com.example.secondapp.R$color: int common_blue
com.example.secondapp.R$color: int common_blue_word
com.example.secondapp.R$dimen: int activity_horizontal_margin
com.example.secondapp.R$dimen: int activity_vertical_margin
com.example.secondapp.R$dimen: int bottom_tab_font_size
com.example.secondapp.R$dimen: int bottom_tab_padding_drawable
com.example.secondapp.R$dimen: int bottom_tab_padding_up
com.example.secondapp.R$dimen: int rdo1
com.example.secondapp.R$dimen: int rdo2
com.example.secondapp.R$dimen: int rdo3
com.example.secondapp.R$dimen: int rdo4
...
android.support.v4.app.NotificationCompat$Action
android.support.v4.app.NotificationCompat$Action: int icon
android.support.v4.app.NotificationCompat$Action: java.lang.CharSequence title
android.support.v4.app.NotificationCompat$Action: android.app.PendingIntent actionIntent
android.support.v4.app.NotificationCompat$Action: NotificationCompat$Action(int,java.lang.CharSequence,android.app.PendingIntent)
android.support.v4.app.NotificationCompat$BigPictureStyle
android.support.v4.app.NotificationCompat$BigPictureStyle: android.graphics.Bitmap mPicture
android.support.v4.app.NotificationCompat$BigPictureStyle: android.graphics.Bitmap mBigLargeIcon
android.support.v4.app.NotificationCompat$BigPictureStyle: boolean mBigLargeIconSet
android.support.v4.app.NotificationCompat$BigPictureStyle: NotificationCompat$BigPictureStyle()
android.support.v4.app.NotificationCompat$BigPictureStyle: NotificationCompat$BigPictureStyle(android.support.v4.app.NotificationCompat$Builder)
android.support.v4.app.NotificationCompat$BigPictureStyle: android.support.v4.app.NotificationCompat$BigPictureStyle setBigContentTitle(java.lang.CharSequence)
android.support.v4.app.NotificationCompat$BigPictureStyle: android.support.v4.app.NotificationCompat$BigPictureStyle setSummaryText(java.lang.CharSequence)
android.support.v4.app.NotificationCompat$BigPictureStyle: android.support.v4.app.NotificationCompat$BigPictureStyle bigPicture(android.graphics.Bitmap)
android.support.v4.app.NotificationCompat$BigPictureStyle: android.support.v4.app.NotificationCompat$BigPictureStyle bigLargeIcon(android.graphics.Bitmap)
android.support.v4.app.NotificationCompat$BigTextStyle
android.support.v4.app.NotificationCompat$BigTextStyle: java.lang.CharSequence mBigText
android.support.v4.app.NotificationCompat$BigTextStyle: NotificationCompat$BigTextStyle()
android.support.v4.app.NotificationCompat$BigTextStyle: NotificationCompat$BigTextStyle(android.support.v4.app.NotificationCompat$Builder)
android.support.v4.app.NotificationCompat$BigTextStyle: android.support.v4.app.NotificationCompat$BigTextStyle setBigContentTitle(java.lang.CharSequence)
android.support.v4.app.NotificationCompat$BigTextStyle: android.support.v4.app.NotificationCompat$BigTextStyle setSummaryText(java.lang.CharSequence)
android.support.v4.app.NotificationCompat$BigTextStyle: android.support.v4.app.NotificationCompat$BigTextStyle bigText(java.lang.CharSequence)
android.support.v4.app.NotificationCompat$Builder
android.support.v4.app.NotificationCompat$Builder: android.content.Context mContext
android.support.v4.app.NotificationCompat$Builder: java.lang.CharSequence mContentTitle
android.support.v4.app.NotificationCompat$Builder: java.lang.CharSequence mContentText
android.support.v4.app.NotificationCompat$Builder: android.app.PendingIntent mContentIntent
android.support.v4.app.NotificationCompat$Builder: android.app.PendingIntent mFullScreenIntent
android.support.v4.app.NotificationCompat$Builder: android.widget.RemoteViews mTickerView
android.support.v4.app.NotificationCompat$Builder: android.graphics.Bitmap mLargeIcon
android.support.v4.app.NotificationCompat$Builder: java.lang.CharSequence mContentInfo
android.support.v4.app.NotificationCompat$Builder: int mNumber
android.support.v4.app.NotificationCompat$Builder: int mPriority
android.support.v4.app.NotificationCompat$Builder: boolean mUseChronometer
android.support.v4.app.NotificationCompat$Builder: android.support.v4.app.NotificationCompat$Style mStyle
android.support.v4.app.NotificationCompat$Builder: java.lang.CharSequence mSubText
android.support.v4.app.NotificationCompat$Builder: int mProgressMax
android.support.v4.app.NotificationCompat$Builder: int mProgress
android.support.v4.app.NotificationCompat$Builder: boolean mProgressIndeterminate
android.support.v4.app.NotificationCompat$Builder: java.util.ArrayList mActions