proguard/mapping.txt
com.example.secondapp.MainActivity -> com.example.secondapp.MainActivity:
    com.example.secondapp.fragment.BottomFragment bottomFragment -> a
    long mExitTime -> e
    android.support.v4.app.FragmentManager fManager -> b
    com.example.secondapp.fragment.MainPageFragment fg1 -> f
    com.example.secondapp.fragment.RecommendFragment fg2 -> g
    com.example.secondapp.fragment.ClassificationFragment fg3 -> h
    com.example.secondapp.fragment.PersonalcenterFragment fg4 -> i
    android.support.v4.app.FragmentTransaction transaction -> j
    int getskip -> k
    org.json.JSONObject object -> c
    android.os.Handler handler -> d
    void onCreate(android.os.Bundle) -> onCreate
    void login(java.lang.String,java.lang.String) -> a
    void onBottomClick(android.view.View,int) -> a
    void setChioceItem(int) -> a
    void hideFragments(android.support.v4.app.FragmentTransaction) -> a
    boolean onKeyDown(int,android.view.KeyEvent) -> onKeyDown
com.example.secondapp.MainActivity$1 -> com.example.secondapp.a:
    com.example.secondapp.MainActivity this$0 -> a
    boolean handleMessage(android.os.Message) -> handleMessage
com.example.secondapp.MainActivity$2 -> com.example.secondapp.b:
    com.example.secondapp.MainActivity this$0 -> a
    void onSuccess(org.json.JSONObject) -> a
com.example.secondapp.PushTestReceiver -> com.example.secondapp.PushTestReceiver:
    void onBind(android.content.Context,int,java.lang.String,java.lang.String,java.lang.String,java.lang.String) -> a
    void onDelTags(android.content.Context,int,java.util.List,java.util.List,java.lang.String) -> b
    void onListTags(android.content.Context,int,java.util.List,java.lang.String) -> a
    void onMessage(android.content.Context,java.lang.String,java.lang.String) -> a
    void onNotificationArrived(android.content.Context,java.lang.String,java.lang.String,java.lang.String) -> b
    void onNotificationClicked(android.content.Context,java.lang.String,java.lang.String,java.lang.String) -> a
    void onSetTags(android.content.Context,int,java.util.List,java.util.List,java.lang.String) -> a
    void onUnbind(android.content.Context,int,java.lang.String) -> a
com.example.secondapp.R -> com.example.secondapp.c:
com.example.secondapp.R$styleable -> com.example.secondapp.d:
    int[] CircleImageView -> CircleImageView
    int CircleImageView_border_color -> CircleImageView_border_color
    int CircleImageView_border_width -> CircleImageView_border_width
    int[] Emojicon -> Emojicon
    int Emojicon_emojiconSize -> Emojicon_emojiconSize
    int Emojicon_emojiconTextLength -> Emojicon_emojiconTextLength
    int Emojicon_emojiconTextStart -> Emojicon_emojiconTextStart
    int[] PullToRefresh -> PullToRefresh
    int PullToRefresh_ptrAdapterViewBackground -> PullToRefresh_ptrAdapterViewBackground
    int PullToRefresh_ptrAnimationStyle -> PullToRefresh_ptrAnimationStyle
    int PullToRefresh_ptrDrawable -> PullToRefresh_ptrDrawable
    int PullToRefresh_ptrDrawableBottom -> PullToRefresh_ptrDrawableBottom
    int PullToRefresh_ptrDrawableEnd -> PullToRefresh_ptrDrawableEnd
    int PullToRefresh_ptrDrawableStart -> PullToRefresh_ptrDrawableStart
    int PullToRefresh_ptrDrawableTop -> PullToRefresh_ptrDrawableTop
    int PullToRefresh_ptrHeaderBackground -> PullToRefresh_ptrHeaderBackground
    int PullToRefresh_ptrHeaderSubTextColor -> PullToRefresh_ptrHeaderSubTextColor
    int PullToRefresh_ptrHeaderTextAppearance -> PullToRefresh_ptrHeaderTextAppearance
    int PullToRefresh_ptrHeaderTextColor -> PullToRefresh_ptrHeaderTextColor
    int PullToRefresh_ptrListViewExtrasEnabled -> PullToRefresh_ptrListViewExtrasEnabled
    int PullToRefresh_ptrMode -> PullToRefresh_ptrMode
...
com.alipay.sdk.util.h -> com.alipay.sdk.util.h:
    com.alipay.sdk.util.g a -> a
    void onServiceDisconnected(android.content.ComponentName) -> onServiceDisconnected
    void onServiceConnected(android.content.ComponentName,android.os.IBinder) -> onServiceConnected
com.alipay.sdk.util.i -> com.alipay.sdk.util.i:
    com.alipay.sdk.util.g a -> a
    boolean isHideLoadingScreen() -> isHideLoadingScreen
    void payEnd(boolean,java.lang.String) -> payEnd
    void startActivity(java.lang.String,java.lang.String,int,android.os.Bundle) -> startActivity
com.alipay.sdk.util.j -> com.alipay.sdk.util.j:
    java.lang.String a -> a
    java.lang.String b -> b
    java.lang.String c -> c
    java.lang.String a(byte[]) -> a
    byte[] a(android.content.Context,java.lang.String) -> a
    boolean a(android.content.Context) -> a
    boolean b(android.content.Context) -> b
    java.lang.String c(android.content.Context) -> c
    java.lang.String a() -> a
    java.lang.String b() -> b
    java.lang.String c() -> c
    java.lang.String d(android.content.Context) -> d
    java.lang.String e(android.content.Context) -> e
    android.util.DisplayMetrics g(android.content.Context) -> g
    java.lang.String d() -> d
    java.lang.String f(android.content.Context) -> f
    java.lang.String e() -> e
    int a(java.lang.String,java.lang.String) -> a
    boolean a(java.lang.String) -> a
com.alipay.sdk.widget.a -> com.alipay.sdk.widget.a:
    android.app.Activity a -> a
    android.app.ProgressDialog b -> b
    boolean a() -> a
    void b() -> b
    void a(java.lang.CharSequence) -> a
    void c() -> c
    android.app.ProgressDialog a(com.alipay.sdk.widget.a) -> a
    android.app.ProgressDialog a(com.alipay.sdk.widget.a,android.app.ProgressDialog) -> a
    android.app.Activity b(com.alipay.sdk.widget.a) -> b
com.alipay.sdk.widget.b -> com.alipay.sdk.widget.b:
    boolean a -> a
    android.content.DialogInterface$OnCancelListener b -> b
    java.lang.CharSequence c -> c
    com.alipay.sdk.widget.a d -> d
    void run() -> run
com.alipay.sdk.widget.c -> com.alipay.sdk.widget.c:
    com.alipay.sdk.widget.a a -> a
    void run() -> run
com.alipay.sdk.widget.d -> com.alipay.sdk.widget.d:
    boolean a -> a
    android.app.Dialog a(android.content.Context,java.lang.String,java.lang.String,java.lang.String,android.content.DialogInterface$OnClickListener,java.lang.String,android.content.DialogInterface$OnClickListener) -> a
    android.app.AlertDialog$Builder a(android.content.Context,java.lang.String,android.content.DialogInterface$OnClickListener,java.lang.String,android.content.DialogInterface$OnClickListener) -> a
com.alipay.sdk.widget.e -> com.alipay.sdk.widget.e:
    boolean onKey(android.content.DialogInterface,int,android.view.KeyEvent) -> onKey