proguard/usage.txt
com.example.secondapp.BuildConfig
com.example.secondapp.R:
    10:10:public R()
com.example.secondapp.R$anim
com.example.secondapp.R$array
com.example.secondapp.R$attr
com.example.secondapp.R$color
com.example.secondapp.R$dimen
com.example.secondapp.R$drawable
com.example.secondapp.R$id
com.example.secondapp.R$layout
com.example.secondapp.R$menu
com.example.secondapp.R$raw
com.example.secondapp.R$string
com.example.secondapp.R$style
com.example.secondapp.R$styleable:
    1524:1524:public R$styleable()
com.example.secondapp.SecondApplication:
    public android.widget.TextView mLocationResult
    public android.widget.TextView logMsg
    public android.widget.TextView trigger
    public android.widget.TextView exit
    public android.os.Vibrator mVibrator
    public static java.lang.String locationDescribe
    74:77:public com.example.secondapp.base.ActivityTack getTack()
    86:89:public java.util.concurrent.ExecutorService getLxThread()
    186:186:public com.android.volley.toolbox.ImageLoader getImageLoader()
    243:248:public void logMsg(java.lang.String)
com.example.secondapp.activity.ClassDetail:
    com.example.secondapp.view.PullToRefreshView classptrv
com.example.secondapp.activity.CommodityDetail:
    android.widget.ImageView test2
com.example.secondapp.activity.OrderConfirm:
    java.lang.String count
    double total
    public static final java.lang.String PARTNER
    public static final java.lang.String SELLER
    public static final java.lang.String RSA_PRIVATE
    public static final java.lang.String RSA_PUBLIC
    private static final int SDK_PAY_FLAG
    private static final int SDK_CHECK_FLAG
    302:376:void setOrder()
    484:492:public java.lang.String getOutTradeNo()
    502:552:public void pay(com.example.secondapp.data.Order)
    645:648:public void getSDKVersion()
    79:79:static synthetic void access$2(com.example.secondapp.activity.OrderConfirm,com.example.secondapp.data.Order)
    79:79:static synthetic com.example.secondapp.data.Order access$3(com.example.secondapp.activity.OrderConfirm)
    63:63:static synthetic com.example.secondapp.bean.AdressBean access$4(com.example.secondapp.activity.OrderConfirm)
com.example.secondapp.activity.OrderConfirm$10
com.example.secondapp.activity.OrderConfirm$11
com.example.secondapp.activity.OrderConfirm$4
com.example.secondapp.activity.OrderConfirm$5
com.example.secondapp.activity.OrderConfirm$6
com.example.secondapp.activity.PayInterface:
    public static final java.lang.String PARTNER
    public static final java.lang.String SELLER
    public static final java.lang.String RSA_PRIVATE
    public static final java.lang.String RSA_PUBLIC
    private static final int SDK_PAY_FLAG
    private static final int SDK_CHECK_FLAG
com.example.secondapp.activity.PayMode:
    com.alipay.sdk.pay.PayUtils payed
    77:84:public void initPayfor()
com.example.secondapp.activity.PayMode$1
com.example.secondapp.activity.PersonalMsg:
    private static final int PHOTO_REQUEST_TAKEPHOTO
    private static final int PHOTO_REQUEST_GALLERY
    private static final int PHOTO_REQUEST_CUT
com.example.secondapp.activity.Setting:
    android.widget.ToggleButton togglebutton2
    android.widget.ToggleButton togglebutton3
com.example.secondapp.activity.ShoppingCartList:
    double keeptotal
    com.example.secondapp.bean.ShoppingcartBean bean
    android.content.SharedPreferences sharedPreferences
com.example.secondapp.adapter.AdressAdapter:
    android.widget.CheckBox checkBox
    161:162:public static void setIsSelected(java.util.HashMap)
com.example.secondapp.adapter.AdvertisingImageadapter:
    19:22:public AdvertisingImageadapter(android.content.Context,java.util.ArrayList)
com.example.secondapp.adapter.LvAdapter:
    15:18:public LvAdapter(java.util.List,android.content.Context)
com.example.secondapp.adapter.MyOrderAdapter:
    public static double totalpri
    private com.example.secondapp.adapter.OnClickContentItemListener onClickContentItemListener
...
com.nostra13.universalimageloader.cache.memory.impl.FIFOLimitedMemoryCache
com.nostra13.universalimageloader.cache.memory.impl.LRULimitedMemoryCache
com.nostra13.universalimageloader.cache.memory.impl.LargestLimitedMemoryCache
com.nostra13.universalimageloader.cache.memory.impl.LimitedAgeMemoryCache
com.nostra13.universalimageloader.cache.memory.impl.UsingFreqLimitedMemoryCache
com.nostra13.universalimageloader.cache.memory.impl.WeakMemoryCache
com.nostra13.universalimageloader.utils.DiskCacheUtils
com.nostra13.universalimageloader.utils.ImageSizeUtils:
    private static final int DEFAULT_MAX_BITMAP_DIMENSION
    45:46:private ImageSizeUtils()
com.nostra13.universalimageloader.utils.IoUtils:
    public static final int DEFAULT_BUFFER_SIZE
    public static final int CONTINUE_LOADING_PERCENTAGE
    36:37:private IoUtils()
    50:50:public static boolean copyStream(java.io.InputStream,java.io.OutputStream,com.nostra13.universalimageloader.utils.IoUtils$CopyListener)
com.nostra13.universalimageloader.utils.L:
    private static final java.lang.String LOG_FORMAT
    33:34:private L()
    43:44:public static void enableLogging()
    53:54:public static void disableLogging()
    68:69:public static void writeLogs(boolean)
    94:95:public static varargs void e(java.lang.Throwable,java.lang.String,java.lang.Object[])
com.nostra13.universalimageloader.utils.MemoryCacheUtils:
    private static final java.lang.String URI_AND_SIZE_SEPARATOR
    private static final java.lang.String WIDTH_AND_HEIGHT_SEPARATOR
    39:40:private MemoryCacheUtils()
    68:74:public static java.util.List findCachedBitmapsForImageUri(java.lang.String,com.nostra13.universalimageloader.cache.memory.MemoryCache)
    84:90:public static java.util.List findCacheKeysForImageUri(java.lang.String,com.nostra13.universalimageloader.cache.memory.MemoryCache)
    100:109:public static void removeFromCache(java.lang.String,com.nostra13.universalimageloader.cache.memory.MemoryCache)
com.nostra13.universalimageloader.utils.StorageUtils:
    private static final java.lang.String EXTERNAL_STORAGE_PERMISSION
    private static final java.lang.String INDIVIDUAL_DIR_NAME
    38:39:private StorageUtils()
    111:118:public static java.io.File getOwnCacheDirectory(android.content.Context,java.lang.String)
com.ta.utdid2.core.persistent.FastXmlSerializer:
    private static final int BUFFER_LEN
com.ta.utdid2.core.persistent.MySharedPreferences:
    public abstract int getInt(java.lang.String,int)
    public abstract float getFloat(java.lang.String,float)
    public abstract boolean getBoolean(java.lang.String,boolean)
    public abstract boolean contains(java.lang.String)
    public abstract void registerOnSharedPreferenceChangeListener(com.ta.utdid2.core.persistent.MySharedPreferences$OnSharedPreferenceChangeListener)
    public abstract void unregisterOnSharedPreferenceChangeListener(com.ta.utdid2.core.persistent.MySharedPreferences$OnSharedPreferenceChangeListener)
com.ta.utdid2.core.persistent.MySharedPreferences$MyEditor:
    public abstract com.ta.utdid2.core.persistent.MySharedPreferences$MyEditor remove(java.lang.String)
com.ta.utdid2.core.persistent.PersistentConfiguration:
    private static final java.lang.String KEY_TIMESTAMP
    private static final java.lang.String KEY_TIMESTAMP2
    248:257:public void putInt(java.lang.String,int)
    272:281:public void putBoolean(java.lang.String,boolean)
    284:293:public void putFloat(java.lang.String,float)
    308:317:public void remove(java.lang.String)
    320:342:public void reload()
    345:355:public void clear()
    432:438:public int getInt(java.lang.String)
    442:448:public long getLong(java.lang.String)
    452:458:public float getFloat(java.lang.String)
    462:468:public boolean getBoolean(java.lang.String)
    472:478:public java.util.Map getAll()